<?xml version="1.0" encoding="UTF-8"?>
<!-- Generated by org.testng.reporters.JUnitReportReporter -->
<testsuite hostname="LAPTOP-IAG65HB2" failures="0" tests="1" name="Org.testing.Testscripts.TC9" time="31.036" errors="0" timestamp="2023-12-18T20:04:44 IST" skipped="0">
  <testcase classname="Org.testing.Testscripts.TC9" name="TC9" time="31.036"/>
  <system-out/>
</testsuite> <!-- Org.testing.Testscripts.TC9 -->
