<?xml version="1.0" encoding="UTF-8"?>
<!-- Generated by org.testng.reporters.JUnitReportReporter -->
<testsuite hostname="LAPTOP-IAG65HB2" failures="0" tests="1" name="Org.testing.Testscripts.TC2" time="24.018" errors="0" timestamp="2023-12-17T13:12:59 IST" skipped="0">
  <testcase classname="Org.testing.Testscripts.TC2" name="TC2" time="24.018"/>
  <system-out/>
</testsuite> <!-- Org.testing.Testscripts.TC2 -->
